>> Writing PID to ./tmp/pids/thin.pid
>> Exiting!
/home/rt/.rvm/gems/ruby-2.0.0-p0/gems/mongo-1.9.0/lib/mongo/mongo_client.rb:492:in `connect': Failed to connect to a master node at localhost:27017 (Mongo::ConnectionFailure)
	from /home/rt/.rvm/gems/ruby-2.0.0-p0/gems/mongo-1.9.0/lib/mongo/mongo_client.rb:698:in `setup'
	from /home/rt/.rvm/gems/ruby-2.0.0-p0/gems/mongo-1.9.0/lib/mongo/mongo_client.rb:155:in `initialize'
	from /home/rt/.rvm/gems/ruby-2.0.0-p0/gems/mongo-1.9.0/lib/mongo/legacy.rb:52:in `initialize'
	from /home/rt/rails_apps/my_pastie/lib/snippet.rb:4:in `new'
	from /home/rt/rails_apps/my_pastie/lib/snippet.rb:4:in `<top (required)>'
	from /home/rt/rails_apps/my_pastie/my_pastie.rb:3:in `require'
	from /home/rt/rails_apps/my_pastie/my_pastie.rb:3:in `<top (required)>'
	from ./config.ru:1:in `require'
	from ./config.ru:1:in `block in <main>'
	from /home/rt/.rvm/gems/ruby-2.0.0-p0/gems/rack-1.5.2/lib/rack/builder.rb:55:in `instance_eval'
	from /home/rt/.rvm/gems/ruby-2.0.0-p0/gems/rack-1.5.2/lib/rack/builder.rb:55:in `initialize'
	from ./config.ru:1:in `new'
	from ./config.ru:1:in `<main>'
	from /home/rt/.rvm/gems/ruby-2.0.0-p0/gems/thin-1.5.1/lib/rack/adapter/loader.rb:33:in `eval'
	from /home/rt/.rvm/gems/ruby-2.0.0-p0/gems/thin-1.5.1/lib/rack/adapter/loader.rb:33:in `load'
	from /home/rt/.rvm/gems/ruby-2.0.0-p0/gems/thin-1.5.1/lib/thin/controllers/controller.rb:181:in `load_rackup_config'
	from /home/rt/.rvm/gems/ruby-2.0.0-p0/gems/thin-1.5.1/lib/thin/controllers/controller.rb:71:in `start'
	from /home/rt/.rvm/gems/ruby-2.0.0-p0/gems/thin-1.5.1/lib/thin/runner.rb:187:in `run_command'
	from /home/rt/.rvm/gems/ruby-2.0.0-p0/gems/thin-1.5.1/lib/thin/runner.rb:152:in `run!'
	from /home/rt/.rvm/gems/ruby-2.0.0-p0/gems/thin-1.5.1/bin/thin:6:in `<top (required)>'
	from /home/rt/.rvm/gems/ruby-2.0.0-p0/bin/thin:23:in `load'
	from /home/rt/.rvm/gems/ruby-2.0.0-p0/bin/thin:23:in `<main>'
	from /home/rt/.rvm/gems/ruby-2.0.0-p0/bin/ruby_noexec_wrapper:14:in `eval'
	from /home/rt/.rvm/gems/ruby-2.0.0-p0/bin/ruby_noexec_wrapper:14:in `<main>'
>> Writing PID to ./tmp/pids/thin.pid
>> Exiting!
/home/rt/.rvm/gems/ruby-2.0.0-p0/gems/mongo-1.9.0/lib/mongo/mongo_client.rb:492:in `connect': Failed to connect to a master node at localhost:27417 (Mongo::ConnectionFailure)
	from /home/rt/.rvm/gems/ruby-2.0.0-p0/gems/mongo-1.9.0/lib/mongo/mongo_client.rb:698:in `setup'
	from /home/rt/.rvm/gems/ruby-2.0.0-p0/gems/mongo-1.9.0/lib/mongo/mongo_client.rb:155:in `initialize'
	from /home/rt/.rvm/gems/ruby-2.0.0-p0/gems/mongo-1.9.0/lib/mongo/legacy.rb:52:in `initialize'
	from /home/rt/rails_apps/my_pastie/lib/snippet.rb:4:in `new'
	from /home/rt/rails_apps/my_pastie/lib/snippet.rb:4:in `<top (required)>'
	from /home/rt/rails_apps/my_pastie/my_pastie.rb:3:in `require'
	from /home/rt/rails_apps/my_pastie/my_pastie.rb:3:in `<top (required)>'
	from ./config.ru:1:in `require'
	from ./config.ru:1:in `block in <main>'
	from /home/rt/.rvm/gems/ruby-2.0.0-p0/gems/rack-1.5.2/lib/rack/builder.rb:55:in `instance_eval'
	from /home/rt/.rvm/gems/ruby-2.0.0-p0/gems/rack-1.5.2/lib/rack/builder.rb:55:in `initialize'
	from ./config.ru:1:in `new'
	from ./config.ru:1:in `<main>'
	from /home/rt/.rvm/gems/ruby-2.0.0-p0/gems/thin-1.5.1/lib/rack/adapter/loader.rb:33:in `eval'
	from /home/rt/.rvm/gems/ruby-2.0.0-p0/gems/thin-1.5.1/lib/rack/adapter/loader.rb:33:in `load'
	from /home/rt/.rvm/gems/ruby-2.0.0-p0/gems/thin-1.5.1/lib/thin/controllers/controller.rb:181:in `load_rackup_config'
	from /home/rt/.rvm/gems/ruby-2.0.0-p0/gems/thin-1.5.1/lib/thin/controllers/controller.rb:71:in `start'
	from /home/rt/.rvm/gems/ruby-2.0.0-p0/gems/thin-1.5.1/lib/thin/runner.rb:187:in `run_command'
	from /home/rt/.rvm/gems/ruby-2.0.0-p0/gems/thin-1.5.1/lib/thin/runner.rb:152:in `run!'
	from /home/rt/.rvm/gems/ruby-2.0.0-p0/gems/thin-1.5.1/bin/thin:6:in `<top (required)>'
	from /home/rt/.rvm/gems/ruby-2.0.0-p0/bin/thin:23:in `load'
	from /home/rt/.rvm/gems/ruby-2.0.0-p0/bin/thin:23:in `<main>'
	from /home/rt/.rvm/gems/ruby-2.0.0-p0/bin/ruby_noexec_wrapper:14:in `eval'
	from /home/rt/.rvm/gems/ruby-2.0.0-p0/bin/ruby_noexec_wrapper:14:in `<main>'
>> Writing PID to ./tmp/pids/thin.pid
>> Exiting!
/home/rt/.rvm/gems/ruby-2.0.0-p0/gems/mongo-1.9.0/lib/mongo/mongo_client.rb:492:in `connect': Failed to connect to a master node at localhost:27417 (Mongo::ConnectionFailure)
	from /home/rt/.rvm/gems/ruby-2.0.0-p0/gems/mongo-1.9.0/lib/mongo/mongo_client.rb:698:in `setup'
	from /home/rt/.rvm/gems/ruby-2.0.0-p0/gems/mongo-1.9.0/lib/mongo/mongo_client.rb:155:in `initialize'
	from /home/rt/.rvm/gems/ruby-2.0.0-p0/gems/mongo-1.9.0/lib/mongo/legacy.rb:52:in `initialize'
	from /home/rt/rails_apps/my_pastie/lib/snippet.rb:4:in `new'
	from /home/rt/rails_apps/my_pastie/lib/snippet.rb:4:in `<top (required)>'
	from /home/rt/rails_apps/my_pastie/my_pastie.rb:3:in `require'
	from /home/rt/rails_apps/my_pastie/my_pastie.rb:3:in `<top (required)>'
	from ./config.ru:1:in `require'
	from ./config.ru:1:in `block in <main>'
	from /home/rt/.rvm/gems/ruby-2.0.0-p0/gems/rack-1.5.2/lib/rack/builder.rb:55:in `instance_eval'
	from /home/rt/.rvm/gems/ruby-2.0.0-p0/gems/rack-1.5.2/lib/rack/builder.rb:55:in `initialize'
	from ./config.ru:1:in `new'
	from ./config.ru:1:in `<main>'
	from /home/rt/.rvm/gems/ruby-2.0.0-p0/gems/thin-1.5.1/lib/rack/adapter/loader.rb:33:in `eval'
	from /home/rt/.rvm/gems/ruby-2.0.0-p0/gems/thin-1.5.1/lib/rack/adapter/loader.rb:33:in `load'
	from /home/rt/.rvm/gems/ruby-2.0.0-p0/gems/thin-1.5.1/lib/thin/controllers/controller.rb:181:in `load_rackup_config'
	from /home/rt/.rvm/gems/ruby-2.0.0-p0/gems/thin-1.5.1/lib/thin/controllers/controller.rb:71:in `start'
	from /home/rt/.rvm/gems/ruby-2.0.0-p0/gems/thin-1.5.1/lib/thin/runner.rb:187:in `run_command'
	from /home/rt/.rvm/gems/ruby-2.0.0-p0/gems/thin-1.5.1/lib/thin/runner.rb:152:in `run!'
	from /home/rt/.rvm/gems/ruby-2.0.0-p0/gems/thin-1.5.1/bin/thin:6:in `<top (required)>'
	from /home/rt/.rvm/gems/ruby-2.0.0-p0/bin/thin:23:in `load'
	from /home/rt/.rvm/gems/ruby-2.0.0-p0/bin/thin:23:in `<main>'
	from /home/rt/.rvm/gems/ruby-2.0.0-p0/bin/ruby_noexec_wrapper:14:in `eval'
	from /home/rt/.rvm/gems/ruby-2.0.0-p0/bin/ruby_noexec_wrapper:14:in `<main>'
